[2025-10-04 18:34:04,027][root][INFO] - Configuration: experiment:
  data_path: ../data
  checkpoint_dir: ../checkpoints
  models:
  - fed
  row_fraction: 1.0
  num_targets: 424
  filter_features: false
  optuna:
    direction: minimize
    n_trials: 2
    n_jobs: 2
model:
  model_type: default
  model_class: default
  trainer_class: default
  params:
    input_size: 1672
    output_size: 424
    input_len: 64
    output_len: 5
    batch_size: 16
    hidden_size: 128
    num_layers: 2
    dropout: 0.1
    epochs: 10
    patience: 5
    channels: 64
    blocks: 3
    kernel_size: 5
    num_conv_layers: 2
    tcn_kernel: 3
    decom_kernel_size: 25
    top_k_modes: 5
    nhead: 8
    dim_feedforward: 512
    weight_decay: 0.001
    scheduler_patience: 5
    scheduler_factor: 0.5
    clip_grad_norm: 1.0
    partially_finite_target: false
  lr: 0.001
  optimizer: Adam
  lr_policy: constant

[2025-10-04 18:34:04,032][root][INFO] - Set random seed to 42 for reproducibility.
[2025-10-04 18:34:04,033][root][INFO] - Loading train.csv from ../data/train.csv
[2025-10-04 18:34:04,126][root][INFO] - Loading train_labels.csv from ../data/train_labels.csv
[2025-10-04 18:34:04,242][root][INFO] - Loading target_pairs.csv from ../data/target_pairs.csv
[2025-10-04 18:34:04,411][root][INFO] - X_full NaNs after imputation: 0
[2025-10-04 18:34:04,412][root][INFO] - Y_full NaNs before imputation: 0
[2025-10-04 18:34:04,414][root][INFO] - Y_full NaNs after imputation: 0
[2025-10-04 18:34:04,414][root][INFO] - X_full feature count: 1671
[2025-10-04 18:34:04,421][root][INFO] - Data loaded: X_full_np shape=(1917, 1671), Y_full_np shape=(1917, 424)
[2025-10-04 18:34:04,421][root][INFO] - Raw data shapes: X=(1917, 1671), Y=(1917, 424)
[2025-10-04 18:34:04,422][root][INFO] - Sample batch shapes: X=(64, 1671), Y=(64, 424)
[2025-10-04 18:34:05,086][root][INFO] - Trial 2 started with params: {'input_size': 1671, 'output_size': 424, 'output_len': 5, 'input_len': 64, 'hidden_size': 80, 'num_layers': 4, 'batch_size': 16, 'dropout': 0.2, 'decom_kernel_size': 50, 'top_k_modes': 9, 'nhead': 8, 'dim_feedforward': 192}, lr=0.09614739173157894, optimizer=Adam, lr_policy=clr
[2025-10-04 18:34:05,400][root][INFO] - Performed memory cleaning.
[2025-10-04 18:34:05,409][root][INFO] - Trial 3 started with params: {'input_size': 1671, 'output_size': 424, 'output_len': 5, 'input_len': 64, 'hidden_size': 144, 'num_layers': 3, 'batch_size': 8, 'dropout': 0.5, 'decom_kernel_size': 20, 'top_k_modes': 10, 'nhead': 8, 'dim_feedforward': 768}, lr=0.004311810243513322, optimizer=AdamW, lr_policy=clr
[2025-10-04 18:34:05,681][root][INFO] - GPU Memory: 1.06 GB used out of 8.00 GB
[2025-10-04 18:34:05,681][root][INFO] - Performed memory cleaning.
[2025-10-04 18:34:05,682][root][INFO] - GPU Memory: 1.06 GB used out of 8.00 GB
[2025-10-04 18:34:05,686][root][INFO] - Trial 2: X_raw NaNs=0, Y_raw NaNs=0, input_size=1671
[2025-10-04 18:34:05,686][root][INFO] - Trial 3: X_raw NaNs=0, Y_raw NaNs=0, input_size=1671
[2025-10-04 18:34:06,145][root][INFO] - WindowDataset created: Xw shape=(1849, 64, 1671), Yw shape=(1849, 5, 424), invalid_windows: 0
[2025-10-04 18:34:06,146][root][INFO] - Trial 2 windowed shapes: Xw=(1849, 64, 1671), Yw=(1849, 5, 424)
[2025-10-04 18:34:06,155][root][INFO] - WindowDataset created: Xw shape=(1849, 64, 1671), Yw shape=(1849, 5, 424), invalid_windows: 0
[2025-10-04 18:34:06,155][root][INFO] - Trial 3 windowed shapes: Xw=(1849, 64, 1671), Yw=(1849, 5, 424)
[2025-10-04 18:34:06,387][root][INFO] - Creating trainer with device=cuda
[2025-10-04 18:34:06,388][root][INFO] - Creating trainer with device=cuda
[2025-10-04 18:34:06,474][root][INFO] - Trainer initialized with device=cuda
[2025-10-04 18:34:06,475][root][INFO] - Trial 3: Training data shapes: X=torch.Size([1849, 64, 1671]), Y=torch.Size([1849, 5, 424])
[2025-10-04 18:34:06,477][root][INFO] - Trainer initialized with device=cuda
[2025-10-04 18:34:06,477][root][INFO] - Trial 2: Training data shapes: X=torch.Size([1849, 64, 1671]), Y=torch.Size([1849, 5, 424])
[2025-10-04 18:34:08,781][root][ERROR] - Trial 3 failed: The size of tensor a (64) must match the size of tensor b (63) at non-singleton dimension 2
Traceback (most recent call last):
  File "/root/vscode/portfolio/mitsui_2025/src/study.py", line 223, in objective
    val_loss, loss_tracker = trainer.train(train_tensors[0].numpy(), train_tensors[1].numpy())
                             ^^^^^^^^^^^^^^^^^^^^^^^^^^^^^^^^^^^^^^^^^^^^^^^^^^^^^^^^^^^^^^^^^
  File "/root/vscode/portfolio/mitsui_2025/src/trainer.py", line 150, in train
    train_loss = self.train_one_epoch(train_loader)
                 ^^^^^^^^^^^^^^^^^^^^^^^^^^^^^^^^^^
  File "/root/vscode/portfolio/mitsui_2025/src/trainer.py", line 87, in train_one_epoch
    pred = self.model(xb).squeeze(1)  # (B, num_targets)
           ^^^^^^^^^^^^^^
  File "/root/anaconda3/envs/mitsui/lib/python3.11/site-packages/torch/nn/modules/module.py", line 1736, in _wrapped_call_impl
    return self._call_impl(*args, **kwargs)
           ^^^^^^^^^^^^^^^^^^^^^^^^^^^^^^^^
  File "/root/anaconda3/envs/mitsui/lib/python3.11/site-packages/torch/nn/modules/module.py", line 1747, in _call_impl
    return forward_call(*args, **kwargs)
           ^^^^^^^^^^^^^^^^^^^^^^^^^^^^^
  File "/root/vscode/portfolio/mitsui_2025/src/models.py", line 1005, in forward
    trend, seasonal = self.decomposer(x)  # Both (B, T, F)
                      ^^^^^^^^^^^^^^^^^^
  File "/root/anaconda3/envs/mitsui/lib/python3.11/site-packages/torch/nn/modules/module.py", line 1736, in _wrapped_call_impl
    return self._call_impl(*args, **kwargs)
           ^^^^^^^^^^^^^^^^^^^^^^^^^^^^^^^^
  File "/root/anaconda3/envs/mitsui/lib/python3.11/site-packages/torch/nn/modules/module.py", line 1747, in _call_impl
    return forward_call(*args, **kwargs)
           ^^^^^^^^^^^^^^^^^^^^^^^^^^^^^
  File "/root/vscode/portfolio/mitsui_2025/src/models.py", line 865, in forward
    seasonal_trans = x_trans - trend_trans  # (B, F, T)
                     ~~~~~~~~^~~~~~~~~~~~~
RuntimeError: The size of tensor a (64) must match the size of tensor b (63) at non-singleton dimension 2

[2025-10-04 18:34:09,094][root][INFO] - GPU Memory: 1.11 GB used out of 8.00 GB
[2025-10-04 18:34:09,374][root][INFO] - Performed memory cleaning.
[2025-10-04 18:34:09,375][root][ERROR] - Trial 2 failed: The size of tensor a (64) must match the size of tensor b (63) at non-singleton dimension 2
Traceback (most recent call last):
  File "/root/vscode/portfolio/mitsui_2025/src/study.py", line 223, in objective
    val_loss, loss_tracker = trainer.train(train_tensors[0].numpy(), train_tensors[1].numpy())
                             ^^^^^^^^^^^^^^^^^^^^^^^^^^^^^^^^^^^^^^^^^^^^^^^^^^^^^^^^^^^^^^^^^
  File "/root/vscode/portfolio/mitsui_2025/src/trainer.py", line 150, in train
    train_loss = self.train_one_epoch(train_loader)
                 ^^^^^^^^^^^^^^^^^^^^^^^^^^^^^^^^^^
  File "/root/vscode/portfolio/mitsui_2025/src/trainer.py", line 87, in train_one_epoch
    pred = self.model(xb).squeeze(1)  # (B, num_targets)
           ^^^^^^^^^^^^^^
  File "/root/anaconda3/envs/mitsui/lib/python3.11/site-packages/torch/nn/modules/module.py", line 1736, in _wrapped_call_impl
    return self._call_impl(*args, **kwargs)
           ^^^^^^^^^^^^^^^^^^^^^^^^^^^^^^^^
  File "/root/anaconda3/envs/mitsui/lib/python3.11/site-packages/torch/nn/modules/module.py", line 1747, in _call_impl
    return forward_call(*args, **kwargs)
           ^^^^^^^^^^^^^^^^^^^^^^^^^^^^^
  File "/root/vscode/portfolio/mitsui_2025/src/models.py", line 1005, in forward
    trend, seasonal = self.decomposer(x)  # Both (B, T, F)
                      ^^^^^^^^^^^^^^^^^^
  File "/root/anaconda3/envs/mitsui/lib/python3.11/site-packages/torch/nn/modules/module.py", line 1736, in _wrapped_call_impl
    return self._call_impl(*args, **kwargs)
           ^^^^^^^^^^^^^^^^^^^^^^^^^^^^^^^^
  File "/root/anaconda3/envs/mitsui/lib/python3.11/site-packages/torch/nn/modules/module.py", line 1747, in _call_impl
    return forward_call(*args, **kwargs)
           ^^^^^^^^^^^^^^^^^^^^^^^^^^^^^
  File "/root/vscode/portfolio/mitsui_2025/src/models.py", line 865, in forward
    seasonal_trans = x_trans - trend_trans  # (B, F, T)
                     ~~~~~~~~^~~~~~~~~~~~~
RuntimeError: The size of tensor a (64) must match the size of tensor b (63) at non-singleton dimension 2

[2025-10-04 18:34:09,677][root][INFO] - GPU Memory: 1.11 GB used out of 8.00 GB
[2025-10-04 18:34:09,951][root][INFO] - Performed memory cleaning.
[2025-10-04 18:34:09,972][root][WARNING] - No completed trials for FED. All trials were pruned or failed. Trials: 4
[2025-10-04 18:34:09,973][root][INFO] - Trial states: [2, 2, 2, 2]
