[2025-10-05 05:23:05,987][root][INFO] - Configuration: experiment:
  data_path: ../data
  checkpoint_dir: ../checkpoints
  models:
  - 'inf'
  row_fraction: 1.0
  num_targets: 424
  filter_features: false
  optuna:
    direction: minimize
    n_trials: 2
    n_jobs: 2
model:
  model_type: default
  model_class: default
  trainer_class: default
  params:
    input_size: 1672
    output_size: 424
    input_len: 64
    output_len: 5
    batch_size: 16
    hidden_size: 128
    num_layers: 2
    dropout: 0.1
    epochs: 10
    patience: 5
    channels: 64
    blocks: 3
    kernel_size: 5
    num_conv_layers: 2
    tcn_kernel: 3
    decom_kernel_size: 25
    top_k_modes: 5
    nhead: 8
    dim_feedforward: 512
    weight_decay: 0.001
    scheduler_patience: 5
    scheduler_factor: 0.5
    clip_grad_norm: 1.0
    partially_finite_target: false
  lr: 0.001
  optimizer: AdamW
  lr_policy: constant

[2025-10-05 05:23:05,989][root][INFO] - Set random seed to 42 for reproducibility.
[2025-10-05 05:23:05,989][root][INFO] - CUDA version: 12.1
[2025-10-05 05:23:06,026][root][INFO] - Device count: 1
[2025-10-05 05:23:06,028][root][INFO] - Device name: NVIDIA GeForce RTX 4060 Laptop GPU
[2025-10-05 05:23:06,126][root][INFO] - Loading train.csv from ../data/train.csv
[2025-10-05 05:23:06,207][root][INFO] - Loading train_labels.csv from ../data/train_labels.csv
[2025-10-05 05:23:06,337][root][INFO] - Loading target_pairs.csv from ../data/target_pairs.csv
[2025-10-05 05:23:06,497][root][INFO] - X_full NaNs after imputation: 0
[2025-10-05 05:23:06,498][root][INFO] - Y_full NaNs before imputation: 0
[2025-10-05 05:23:06,500][root][INFO] - Y_full NaNs after imputation: 0
[2025-10-05 05:23:06,500][root][INFO] - X_full feature count: 1671
[2025-10-05 05:23:06,509][root][INFO] - Data loaded: X_full_np shape=(1917, 1671), Y_full_np shape=(1917, 424)
[2025-10-05 05:23:06,509][root][INFO] - Raw data shapes: X=(1917, 1671), Y=(1917, 424)
[2025-10-05 05:23:06,509][root][INFO] - Sample batch shapes: X=(64, 1671), Y=(64, 424)
[2025-10-05 05:23:06,984][root][INFO] - Trial 24 started with params: {'input_size': 1671, 'output_size': 424, 'output_len': 5, 'input_len': 96, 'label_len': 32, 'hidden_size': 512, 'num_layers': 3, 'd_layers': 3, 'nhead': 8, 'dim_feedforward': 768, 'dropout': 0.0, 'batch_size': 64, 'attn': 'prob', 'distil': True}, lr=2.819819133599865e-05, optimizer=Adam, lr_policy=clr
[2025-10-05 05:23:07,294][root][INFO] - Performed memory cleaning.
[2025-10-05 05:23:07,406][root][INFO] - Trial 25 started with params: {'input_size': 1671, 'output_size': 424, 'output_len': 5, 'input_len': 96, 'label_len': 32, 'hidden_size': 256, 'num_layers': 3, 'd_layers': 3, 'nhead': 8, 'dim_feedforward': 768, 'dropout': 0.0, 'batch_size': 64, 'attn': 'prob', 'distil': True}, lr=3.118001055069018e-05, optimizer=AdamW, lr_policy=clr
[2025-10-05 05:23:07,710][root][INFO] - GPU Memory: 1.06 GB used out of 8.00 GB
[2025-10-05 05:23:07,710][root][INFO] - Performed memory cleaning.
[2025-10-05 05:23:07,711][root][INFO] - GPU Memory: 1.06 GB used out of 8.00 GB
[2025-10-05 05:23:07,715][root][INFO] - Trial 25: X_raw shape=(1917, 1671), Y_raw shape=(1917, 424), NaNs X=0, Y=0
[2025-10-05 05:23:07,716][root][INFO] - Trial 24: X_raw shape=(1917, 1671), Y_raw shape=(1917, 424), NaNs X=0, Y=0
[2025-10-05 05:23:07,716][root][INFO] - Building Informer datasets with input_len=96, output_len=5, label_len=32, use_time_feats=True
[2025-10-05 05:23:07,716][root][INFO] - Building Informer datasets with input_len=96, output_len=5, label_len=32, use_time_feats=True
[2025-10-05 05:23:08,340][root][INFO] - WindowDataset created: Xw shape=(1817, 96, 1671), Yw shape=(1817, 5, 424), invalid_windows: 0
[2025-10-05 05:23:08,342][root][INFO] - WindowDataset created: Xw shape=(1817, 96, 1671), Yw shape=(1817, 5, 424), invalid_windows: 0
[2025-10-05 05:23:13,480][root][INFO] - InformerWindowDataset created: Xw shape=(1817, 96, 1671), x_dec shape=(1817, 37, 424), Yw shape=(1817, 5, 424), mark_enc shape=(1817, 96, 256), invalid_windows=0
[2025-10-05 05:23:13,480][root][INFO] - Informer dataset created: X_enc shape=(1817, 96, 1671), x_dec shape=(1817, 37, 424), Y shape=(1817, 5, 424), mark_enc shape=(1817, 96, 256)
[2025-10-05 05:23:13,581][root][INFO] - InformerWindowDataset created: Xw shape=(1817, 96, 1671), x_dec shape=(1817, 37, 424), Yw shape=(1817, 5, 424), mark_enc shape=(1817, 96, 512), invalid_windows=0
[2025-10-05 05:23:13,610][root][INFO] - Informer dataset created: X_enc shape=(1817, 96, 1671), x_dec shape=(1817, 37, 424), Y shape=(1817, 5, 424), mark_enc shape=(1817, 96, 512)
[2025-10-05 05:23:13,885][root][INFO] - Informer DataLoaders created: train=1364, val=272, test=181
[2025-10-05 05:23:13,886][root][INFO] - Trial 25: Creating InTrainer with device=cuda
[2025-10-05 05:23:13,886][root][INFO] - InTrainer initialized with model_kwargs: {'input_size': 1671, 'enc_in': 1671, 'dec_in': 424, 'c_out': 424, 'seq_len': 96, 'label_len': 32, 'out_len': 5, 'd_model': 256, 'n_heads': 8, 'e_layers': 3, 'd_layers': 3, 'd_ff': 768, 'dropout': 0.0, 'attn': 'prob', 'embed': 'fixed', 'freq': 'd', 'activation': 'gelu', 'distil': True, 'mix': True, 'device': 'cuda'}
[2025-10-05 05:23:13,888][root][ERROR] - Trial 25 failed: InForecaster.__init__() got an unexpected keyword argument 'mix'
Traceback (most recent call last):
  File "/root/vscode/portfolio/mitsui_2025/src/study.py", line 200, in objective_informer
    trainer = trainer_class(train_cfg)
              ^^^^^^^^^^^^^^^^^^^^^^^^
  File "/root/vscode/portfolio/mitsui_2025/src/trainer.py", line 637, in __init__
    model = InForecaster(**model_kwargs)
            ^^^^^^^^^^^^^^^^^^^^^^^^^^^^
TypeError: InForecaster.__init__() got an unexpected keyword argument 'mix'

[2025-10-05 05:23:14,195][root][INFO] - GPU Memory: 1.06 GB used out of 8.00 GB
[2025-10-05 05:23:14,489][root][INFO] - Performed memory cleaning.
[2025-10-05 05:23:14,578][root][INFO] - Informer DataLoaders created: train=1364, val=272, test=181
[2025-10-05 05:23:14,578][root][INFO] - Trial 24: Creating InTrainer with device=cuda
[2025-10-05 05:23:14,578][root][INFO] - InTrainer initialized with model_kwargs: {'input_size': 1671, 'enc_in': 1671, 'dec_in': 424, 'c_out': 424, 'seq_len': 96, 'label_len': 32, 'out_len': 5, 'd_model': 512, 'n_heads': 8, 'e_layers': 3, 'd_layers': 3, 'd_ff': 768, 'dropout': 0.0, 'attn': 'prob', 'embed': 'fixed', 'freq': 'd', 'activation': 'gelu', 'distil': True, 'mix': True, 'device': 'cuda'}
[2025-10-05 05:23:14,578][root][ERROR] - Trial 24 failed: InForecaster.__init__() got an unexpected keyword argument 'mix'
Traceback (most recent call last):
  File "/root/vscode/portfolio/mitsui_2025/src/study.py", line 200, in objective_informer
    trainer = trainer_class(train_cfg)
              ^^^^^^^^^^^^^^^^^^^^^^^^
  File "/root/vscode/portfolio/mitsui_2025/src/trainer.py", line 637, in __init__
    model = InForecaster(**model_kwargs)
            ^^^^^^^^^^^^^^^^^^^^^^^^^^^^
TypeError: InForecaster.__init__() got an unexpected keyword argument 'mix'

[2025-10-05 05:23:15,009][root][INFO] - GPU Memory: 1.06 GB used out of 8.00 GB
[2025-10-05 05:23:15,269][root][INFO] - Performed memory cleaning.
[2025-10-05 05:23:15,293][root][WARNING] - No completed trials for INF. All trials were pruned or failed. Trials: 26
[2025-10-05 05:23:15,296][root][INFO] - Trial states: [3, 3, 3, 3, 2, 2, 3, 3, 2, 2, 2, 2, 2, 2, 2, 2, 2, 2, 2, 2, 2, 2, 2, 2, 2, 2]
