[2025-10-05 07:50:16,844][root][INFO] - Configuration: experiment:
  data_path: ../data
  checkpoint_dir: ../checkpoints
  models:
  - 'inf'
  row_fraction: 1.0
  num_targets: 424
  filter_features: false
  optuna:
    direction: minimize
    n_trials: 2
    n_jobs: 2
model:
  model_type: default
  model_class: default
  trainer_class: default
  params:
    input_size: 1672
    output_size: 424
    input_len: 64
    output_len: 5
    batch_size: 16
    hidden_size: 128
    num_layers: 2
    dropout: 0.1
    epochs: 10
    patience: 5
    channels: 64
    blocks: 3
    kernel_size: 5
    num_conv_layers: 2
    tcn_kernel: 3
    decom_kernel_size: 25
    top_k_modes: 5
    nhead: 8
    dim_feedforward: 512
    weight_decay: 0.001
    scheduler_patience: 5
    scheduler_factor: 0.5
    clip_grad_norm: 1.0
    partially_finite_target: false
  lr: 0.001
  optimizer: AdamW
  lr_policy: constant

[2025-10-05 07:50:16,849][root][INFO] - Set random seed to 42 for reproducibility.
[2025-10-05 07:50:16,849][root][INFO] - CUDA version: 12.1
[2025-10-05 07:50:16,890][root][INFO] - Device count: 1
[2025-10-05 07:50:16,893][root][INFO] - Device name: NVIDIA GeForce RTX 4060 Laptop GPU
[2025-10-05 07:50:16,995][root][INFO] - Loading train.csv from ../data/train.csv
[2025-10-05 07:50:17,082][root][INFO] - Loading train_labels.csv from ../data/train_labels.csv
[2025-10-05 07:50:17,184][root][INFO] - Loading target_pairs.csv from ../data/target_pairs.csv
[2025-10-05 07:50:17,331][root][INFO] - X_full NaNs after imputation: 0
[2025-10-05 07:50:17,331][root][INFO] - Y_full NaNs before imputation: 0
[2025-10-05 07:50:17,332][root][INFO] - Y_full NaNs after imputation: 0
[2025-10-05 07:50:17,333][root][INFO] - X_full feature count: 1671
[2025-10-05 07:50:17,339][root][INFO] - Data loaded: X_full_np shape=(1917, 1671), Y_full_np shape=(1917, 424)
[2025-10-05 07:50:17,340][root][INFO] - Raw data shapes: X=(1917, 1671), Y=(1917, 424)
[2025-10-05 07:50:17,340][root][INFO] - Sample batch shapes: X=(64, 1671), Y=(64, 424)
[2025-10-05 07:50:17,868][root][INFO] - Trial 3 started with params: {'input_size': 1671, 'output_size': 424, 'output_len': 5, 'input_len': 128, 'label_len': 64, 'hidden_size': 128, 'num_layers': 4, 'd_layers': 1, 'nhead': 8, 'dim_feedforward': 2048, 'dropout': 0.25, 'batch_size': 32, 'attn': 'prob', 'distil': True}, lr=1.1774538134455158e-05, optimizer=Adam, lr_policy=constant
[2025-10-05 07:50:18,132][root][INFO] - Performed memory cleaning.
[2025-10-05 07:50:18,258][root][INFO] - Trial 2 started with params: {'input_size': 1671, 'output_size': 424, 'output_len': 5, 'input_len': 128, 'label_len': 64, 'hidden_size': 128, 'num_layers': 4, 'd_layers': 2, 'nhead': 8, 'dim_feedforward': 1280, 'dropout': 0.05, 'batch_size': 32, 'attn': 'prob', 'distil': True}, lr=2.335527083549355e-05, optimizer=AdamW, lr_policy=constant
[2025-10-05 07:50:18,510][root][INFO] - GPU Memory: 1.06 GB used out of 8.00 GB
[2025-10-05 07:50:18,510][root][INFO] - Performed memory cleaning.
[2025-10-05 07:50:18,511][root][INFO] - GPU Memory: 1.06 GB used out of 8.00 GB
[2025-10-05 07:50:18,515][root][INFO] - Trial 2: X_raw shape=(1917, 1671), Y_raw shape=(1917, 424), NaNs X=0, Y=0
[2025-10-05 07:50:18,516][root][INFO] - Trial 3: X_raw shape=(1917, 1671), Y_raw shape=(1917, 424), NaNs X=0, Y=0
[2025-10-05 07:50:18,516][root][ERROR] - Trial 3 failed: name 'model_kwargs' is not defined
Traceback (most recent call last):
  File "/root/vscode/portfolio/mitsui_2025/src/study.py", line 203, in objective_informer
    trainer = InTrainer(train_cfg, criterion=nn.MSELoss())
              ^^^^^^^^^^^^^^^^^^^^^^^^^^^^^^^^^^^^^^^^^^^^
  File "/root/vscode/portfolio/mitsui_2025/src/trainer.py", line 645, in __init__
    logging.info(f"InTrainer initialized with model_kwargs: {model_kwargs}")
                                                             ^^^^^^^^^^^^
NameError: name 'model_kwargs' is not defined

[2025-10-05 07:50:18,778][root][INFO] - GPU Memory: 1.06 GB used out of 8.00 GB
[2025-10-05 07:50:19,034][root][ERROR] - Trial 2 failed: name 'model_kwargs' is not defined
Traceback (most recent call last):
  File "/root/vscode/portfolio/mitsui_2025/src/study.py", line 203, in objective_informer
    trainer = InTrainer(train_cfg, criterion=nn.MSELoss())
              ^^^^^^^^^^^^^^^^^^^^^^^^^^^^^^^^^^^^^^^^^^^^
  File "/root/vscode/portfolio/mitsui_2025/src/trainer.py", line 645, in __init__
    logging.info(f"InTrainer initialized with model_kwargs: {model_kwargs}")
                                                             ^^^^^^^^^^^^
NameError: name 'model_kwargs' is not defined

[2025-10-05 07:50:19,034][root][INFO] - Performed memory cleaning.
[2025-10-05 07:50:19,312][root][INFO] - GPU Memory: 1.06 GB used out of 8.00 GB
[2025-10-05 07:50:19,564][root][INFO] - Performed memory cleaning.
[2025-10-05 07:50:19,584][root][WARNING] - No completed trials for INF. All trials were pruned or failed. Trials: 4
[2025-10-05 07:50:19,585][root][INFO] - Trial states: [2, 2, 2, 2]
