[2025-10-05 05:21:26,380][root][INFO] - Configuration: experiment:
  data_path: ../data
  checkpoint_dir: ../checkpoints
  models:
  - 'inf'
  row_fraction: 1.0
  num_targets: 424
  filter_features: false
  optuna:
    direction: minimize
    n_trials: 2
    n_jobs: 2
model:
  model_type: default
  model_class: default
  trainer_class: default
  params:
    input_size: 1672
    output_size: 424
    input_len: 64
    output_len: 5
    batch_size: 16
    hidden_size: 128
    num_layers: 2
    dropout: 0.1
    epochs: 10
    patience: 5
    channels: 64
    blocks: 3
    kernel_size: 5
    num_conv_layers: 2
    tcn_kernel: 3
    decom_kernel_size: 25
    top_k_modes: 5
    nhead: 8
    dim_feedforward: 512
    weight_decay: 0.001
    scheduler_patience: 5
    scheduler_factor: 0.5
    clip_grad_norm: 1.0
    partially_finite_target: false
  lr: 0.001
  optimizer: AdamW
  lr_policy: constant

[2025-10-05 05:21:26,382][root][INFO] - Set random seed to 42 for reproducibility.
[2025-10-05 05:21:26,382][root][INFO] - CUDA version: 12.1
[2025-10-05 05:21:26,419][root][INFO] - Device count: 1
[2025-10-05 05:21:26,421][root][INFO] - Device name: NVIDIA GeForce RTX 4060 Laptop GPU
[2025-10-05 05:21:26,518][root][INFO] - Loading train.csv from ../data/train.csv
[2025-10-05 05:21:26,597][root][INFO] - Loading train_labels.csv from ../data/train_labels.csv
[2025-10-05 05:21:26,697][root][INFO] - Loading target_pairs.csv from ../data/target_pairs.csv
[2025-10-05 05:21:26,845][root][INFO] - X_full NaNs after imputation: 0
[2025-10-05 05:21:26,845][root][INFO] - Y_full NaNs before imputation: 0
[2025-10-05 05:21:26,846][root][INFO] - Y_full NaNs after imputation: 0
[2025-10-05 05:21:26,846][root][INFO] - X_full feature count: 1671
[2025-10-05 05:21:26,853][root][INFO] - Data loaded: X_full_np shape=(1917, 1671), Y_full_np shape=(1917, 424)
[2025-10-05 05:21:26,853][root][INFO] - Raw data shapes: X=(1917, 1671), Y=(1917, 424)
[2025-10-05 05:21:26,853][root][INFO] - Sample batch shapes: X=(64, 1671), Y=(64, 424)
[2025-10-05 05:21:27,314][root][INFO] - Trial 22 started with params: {'input_size': 1671, 'output_size': 424, 'output_len': 5, 'input_len': 112, 'label_len': 48, 'hidden_size': 384, 'num_layers': 2, 'd_layers': 2, 'nhead': 4, 'dim_feedforward': 1280, 'dropout': 0.1, 'batch_size': 32, 'attn': 'prob', 'distil': True, 'mix': True}, lr=0.00011153124505034723, optimizer=AdamW, lr_policy=onecycle
[2025-10-05 05:21:27,581][root][INFO] - Performed memory cleaning.
[2025-10-05 05:21:27,650][root][INFO] - Trial 23 started with params: {'input_size': 1671, 'output_size': 424, 'output_len': 5, 'input_len': 112, 'label_len': 48, 'hidden_size': 384, 'num_layers': 2, 'd_layers': 2, 'nhead': 4, 'dim_feedforward': 1280, 'dropout': 0.1, 'batch_size': 32, 'attn': 'prob', 'distil': True, 'mix': True}, lr=8.387383126099882e-05, optimizer=AdamW, lr_policy=onecycle
[2025-10-05 05:21:27,922][root][INFO] - GPU Memory: 1.06 GB used out of 8.00 GB
[2025-10-05 05:21:27,922][root][INFO] - Performed memory cleaning.
[2025-10-05 05:21:27,922][root][INFO] - GPU Memory: 1.06 GB used out of 8.00 GB
[2025-10-05 05:21:27,926][root][INFO] - Trial 22: X_raw shape=(1917, 1671), Y_raw shape=(1917, 424), NaNs X=0, Y=0
[2025-10-05 05:21:27,926][root][INFO] - Trial 23: X_raw shape=(1917, 1671), Y_raw shape=(1917, 424), NaNs X=0, Y=0
[2025-10-05 05:21:27,927][root][ERROR] - Trial 22 failed: TrainConfig.__init__() got an unexpected keyword argument 'mix'
Traceback (most recent call last):
  File "/root/vscode/portfolio/mitsui_2025/src/study.py", line 185, in objective_informer
    TrainConfig(**params, lr=lr, optimizer=optimizer, model_type='InForecaster', optuna_trial=trial),
    ^^^^^^^^^^^^^^^^^^^^^^^^^^^^^^^^^^^^^^^^^^^^^^^^^^^^^^^^^^^^^^^^^^^^^^^^^^^^^^^^^^^^^^^^^^^^^^^^
TypeError: TrainConfig.__init__() got an unexpected keyword argument 'mix'

[2025-10-05 05:21:27,927][root][ERROR] - Trial 23 failed: TrainConfig.__init__() got an unexpected keyword argument 'mix'
Traceback (most recent call last):
  File "/root/vscode/portfolio/mitsui_2025/src/study.py", line 185, in objective_informer
    TrainConfig(**params, lr=lr, optimizer=optimizer, model_type='InForecaster', optuna_trial=trial),
    ^^^^^^^^^^^^^^^^^^^^^^^^^^^^^^^^^^^^^^^^^^^^^^^^^^^^^^^^^^^^^^^^^^^^^^^^^^^^^^^^^^^^^^^^^^^^^^^^
TypeError: TrainConfig.__init__() got an unexpected keyword argument 'mix'

[2025-10-05 05:21:28,229][root][INFO] - GPU Memory: 1.06 GB used out of 8.00 GB
[2025-10-05 05:21:28,740][root][INFO] - GPU Memory: 1.06 GB used out of 8.00 GB
[2025-10-05 05:21:29,035][root][INFO] - Performed memory cleaning.
[2025-10-05 05:21:29,035][root][INFO] - Performed memory cleaning.
[2025-10-05 05:21:29,080][root][WARNING] - No completed trials for INF. All trials were pruned or failed. Trials: 24
[2025-10-05 05:21:29,082][root][INFO] - Trial states: [3, 3, 3, 3, 2, 2, 3, 3, 2, 2, 2, 2, 2, 2, 2, 2, 2, 2, 2, 2, 2, 2, 2, 2]
