[2025-10-05 06:03:58,064][root][INFO] - Configuration: experiment:
  data_path: ../data
  checkpoint_dir: ../checkpoints
  models:
  - 'inf'
  row_fraction: 1.0
  num_targets: 424
  filter_features: false
  optuna:
    direction: minimize
    n_trials: 2
    n_jobs: 2
model:
  model_type: default
  model_class: default
  trainer_class: default
  params:
    input_size: 1672
    output_size: 424
    input_len: 64
    output_len: 5
    batch_size: 16
    hidden_size: 128
    num_layers: 2
    dropout: 0.1
    epochs: 10
    patience: 5
    channels: 64
    blocks: 3
    kernel_size: 5
    num_conv_layers: 2
    tcn_kernel: 3
    decom_kernel_size: 25
    top_k_modes: 5
    nhead: 8
    dim_feedforward: 512
    weight_decay: 0.001
    scheduler_patience: 5
    scheduler_factor: 0.5
    clip_grad_norm: 1.0
    partially_finite_target: false
  lr: 0.001
  optimizer: AdamW
  lr_policy: constant

[2025-10-05 06:03:58,069][root][INFO] - Set random seed to 42 for reproducibility.
[2025-10-05 06:03:58,069][root][INFO] - CUDA version: 12.1
[2025-10-05 06:03:58,107][root][INFO] - Device count: 1
[2025-10-05 06:03:58,109][root][INFO] - Device name: NVIDIA GeForce RTX 4060 Laptop GPU
[2025-10-05 06:03:58,210][root][INFO] - Loading train.csv from ../data/train.csv
[2025-10-05 06:03:58,290][root][INFO] - Loading train_labels.csv from ../data/train_labels.csv
[2025-10-05 06:03:58,405][root][INFO] - Loading target_pairs.csv from ../data/target_pairs.csv
[2025-10-05 06:03:58,574][root][INFO] - X_full NaNs after imputation: 0
[2025-10-05 06:03:58,574][root][INFO] - Y_full NaNs before imputation: 0
[2025-10-05 06:03:58,576][root][INFO] - Y_full NaNs after imputation: 0
[2025-10-05 06:03:58,576][root][INFO] - X_full feature count: 1671
[2025-10-05 06:03:58,582][root][INFO] - Data loaded: X_full_np shape=(1917, 1671), Y_full_np shape=(1917, 424)
[2025-10-05 06:03:58,583][root][INFO] - Raw data shapes: X=(1917, 1671), Y=(1917, 424)
[2025-10-05 06:03:58,583][root][INFO] - Sample batch shapes: X=(64, 1671), Y=(64, 424)
[2025-10-05 06:03:59,229][root][INFO] - Trial 12 started with params: {'input_size': 1671, 'output_size': 424, 'output_len': 5, 'input_len': 112, 'label_len': 48, 'hidden_size': 512, 'num_layers': 2, 'd_layers': 1, 'nhead': 4, 'dim_feedforward': 512, 'dropout': 0.1, 'batch_size': 16, 'attn': 'prob', 'distil': True}, lr=1.0172813505913107e-05, optimizer=Adam, lr_policy=constant
[2025-10-05 06:03:59,518][root][INFO] - Performed memory cleaning.
[2025-10-05 06:03:59,660][root][INFO] - Trial 13 started with params: {'input_size': 1671, 'output_size': 424, 'output_len': 5, 'input_len': 112, 'label_len': 48, 'hidden_size': 512, 'num_layers': 2, 'd_layers': 1, 'nhead': 4, 'dim_feedforward': 512, 'dropout': 0.1, 'batch_size': 16, 'attn': 'prob', 'distil': True}, lr=1.3972375462261069e-05, optimizer=Adam, lr_policy=constant
[2025-10-05 06:03:59,940][root][INFO] - GPU Memory: 1.06 GB used out of 8.00 GB
[2025-10-05 06:03:59,941][root][INFO] - Performed memory cleaning.
[2025-10-05 06:03:59,941][root][INFO] - GPU Memory: 1.06 GB used out of 8.00 GB
[2025-10-05 06:03:59,947][root][INFO] - Trial 13: X_raw shape=(1917, 1671), Y_raw shape=(1917, 424), NaNs X=0, Y=0
[2025-10-05 06:03:59,947][root][INFO] - Trial 12: X_raw shape=(1917, 1671), Y_raw shape=(1917, 424), NaNs X=0, Y=0
[2025-10-05 06:03:59,947][root][INFO] - Building Informer datasets with input_len=112, output_len=5, label_len=48, use_time_feats=True
[2025-10-05 06:03:59,948][root][INFO] - Building Informer datasets with input_len=112, output_len=5, label_len=48, use_time_feats=True
[2025-10-05 06:04:00,645][root][INFO] - WindowDataset created: Xw shape=(1801, 112, 1671), Yw shape=(1801, 5, 424), invalid_windows: 0
[2025-10-05 06:04:00,653][root][INFO] - WindowDataset created: Xw shape=(1801, 112, 1671), Yw shape=(1801, 5, 424), invalid_windows: 0
[2025-10-05 06:04:07,531][root][INFO] - InformerWindowDataset created: Xw shape=(1801, 112, 1671), x_dec shape=(1801, 53, 424), Yw shape=(1801, 5, 424), mark_enc shape=(1801, 112, 512), invalid_windows=0
[2025-10-05 06:04:07,537][root][INFO] - Informer dataset created: X_enc shape=(1801, 112, 1671), x_dec shape=(1801, 53, 424), Y shape=(1801, 5, 424), mark_enc shape=(1801, 112, 512)
[2025-10-05 06:04:07,549][root][INFO] - InformerWindowDataset created: Xw shape=(1801, 112, 1671), x_dec shape=(1801, 53, 424), Yw shape=(1801, 5, 424), mark_enc shape=(1801, 112, 512), invalid_windows=0
[2025-10-05 06:04:07,564][root][INFO] - Informer dataset created: X_enc shape=(1801, 112, 1671), x_dec shape=(1801, 53, 424), Y shape=(1801, 5, 424), mark_enc shape=(1801, 112, 512)
[2025-10-05 06:04:08,284][root][INFO] - Informer DataLoaders created: train=1351, val=270, test=180
[2025-10-05 06:04:08,284][root][INFO] - Informer DataLoaders created: train=1351, val=270, test=180
[2025-10-05 06:04:08,284][root][INFO] - Trial 13: Creating InTrainer with device=cuda
[2025-10-05 06:04:08,285][root][INFO] - InTrainer initialized with model_kwargs: {'input_size': 1671, 'enc_in': 1671, 'dec_in': 424, 'c_out': 424, 'seq_len': 112, 'label_len': 48, 'out_len': 5, 'd_model': 512, 'n_heads': 4, 'e_layers': 2, 'd_layers': 1, 'd_ff': 512, 'dropout': 0.1, 'attn': 'prob', 'embed': 'fixed', 'freq': 'd', 'activation': 'gelu', 'distil': True, 'device': 'cuda'}
[2025-10-05 06:04:08,284][root][INFO] - Trial 12: Creating InTrainer with device=cuda
[2025-10-05 06:04:08,287][root][INFO] - InTrainer initialized with model_kwargs: {'input_size': 1671, 'enc_in': 1671, 'dec_in': 424, 'c_out': 424, 'seq_len': 112, 'label_len': 48, 'out_len': 5, 'd_model': 512, 'n_heads': 4, 'e_layers': 2, 'd_layers': 1, 'd_ff': 512, 'dropout': 0.1, 'attn': 'prob', 'embed': 'fixed', 'freq': 'd', 'activation': 'gelu', 'distil': True, 'device': 'cuda'}
[2025-10-05 06:04:08,530][root][INFO] - Trainer initialized with device=cpu
[2025-10-05 06:04:08,533][root][INFO] - Trainer initialized with device=cpu
[2025-10-05 06:04:08,876][root][ERROR] - Trial 13 failed: shape '[400, 424]' is invalid for input of size 33920
Traceback (most recent call last):
  File "/root/vscode/portfolio/mitsui_2025/src/study.py", line 202, in objective_informer
    val_loss = trainer.train(train_loader=train_loader, val_loader=val_loader)
               ^^^^^^^^^^^^^^^^^^^^^^^^^^^^^^^^^^^^^^^^^^^^^^^^^^^^^^^^^^^^^^^
  File "/root/vscode/portfolio/mitsui_2025/src/trainer.py", line 679, in train
    y    = y.reshape(B*T, C)
           ^^^^^^^^^^^^^^^^^
RuntimeError: shape '[400, 424]' is invalid for input of size 33920

[2025-10-05 06:04:08,878][root][ERROR] - Trial 12 failed: shape '[400, 424]' is invalid for input of size 33920
Traceback (most recent call last):
  File "/root/vscode/portfolio/mitsui_2025/src/study.py", line 202, in objective_informer
    val_loss = trainer.train(train_loader=train_loader, val_loader=val_loader)
               ^^^^^^^^^^^^^^^^^^^^^^^^^^^^^^^^^^^^^^^^^^^^^^^^^^^^^^^^^^^^^^^
  File "/root/vscode/portfolio/mitsui_2025/src/trainer.py", line 679, in train
    y    = y.reshape(B*T, C)
           ^^^^^^^^^^^^^^^^^
RuntimeError: shape '[400, 424]' is invalid for input of size 33920

[2025-10-05 06:04:09,467][root][INFO] - GPU Memory: 1.06 GB used out of 8.00 GB
[2025-10-05 06:04:09,467][root][INFO] - GPU Memory: 1.06 GB used out of 8.00 GB
[2025-10-05 06:04:09,747][root][INFO] - Performed memory cleaning.
[2025-10-05 06:04:10,019][root][INFO] - Performed memory cleaning.
[2025-10-05 06:04:10,051][root][WARNING] - No completed trials for INF. All trials were pruned or failed. Trials: 14
[2025-10-05 06:04:10,053][root][INFO] - Trial states: [2, 2, 2, 2, 2, 2, 2, 2, 2, 2, 2, 2, 2, 2]
