[2025-10-05 03:46:58,509][root][INFO] - Configuration: experiment:
  data_path: ../data
  checkpoint_dir: ../checkpoints
  models:
  - 'inf'
  row_fraction: 1.0
  num_targets: 424
  filter_features: false
  optuna:
    direction: minimize
    n_trials: 2
    n_jobs: 2
model:
  model_type: default
  model_class: default
  trainer_class: default
  params:
    input_size: 1672
    output_size: 424
    input_len: 64
    output_len: 5
    batch_size: 16
    hidden_size: 128
    num_layers: 2
    dropout: 0.1
    epochs: 10
    patience: 5
    channels: 64
    blocks: 3
    kernel_size: 5
    num_conv_layers: 2
    tcn_kernel: 3
    decom_kernel_size: 25
    top_k_modes: 5
    nhead: 8
    dim_feedforward: 512
    weight_decay: 0.001
    scheduler_patience: 5
    scheduler_factor: 0.5
    clip_grad_norm: 1.0
    partially_finite_target: false
  lr: 0.001
  optimizer: AdamW
  lr_policy: constant

[2025-10-05 03:46:58,511][root][INFO] - Set random seed to 42 for reproducibility.
[2025-10-05 03:46:58,511][root][INFO] - CUDA version: 12.1
[2025-10-05 03:46:58,550][root][INFO] - Device count: 1
[2025-10-05 03:46:58,552][root][INFO] - Device name: NVIDIA GeForce RTX 4060 Laptop GPU
[2025-10-05 03:46:58,668][root][INFO] - Loading train.csv from ../data/train.csv
[2025-10-05 03:46:58,745][root][INFO] - Loading train_labels.csv from ../data/train_labels.csv
[2025-10-05 03:46:58,850][root][INFO] - Loading target_pairs.csv from ../data/target_pairs.csv
[2025-10-05 03:46:59,004][root][INFO] - X_full NaNs after imputation: 0
[2025-10-05 03:46:59,004][root][INFO] - Y_full NaNs before imputation: 0
[2025-10-05 03:46:59,006][root][INFO] - Y_full NaNs after imputation: 0
[2025-10-05 03:46:59,006][root][INFO] - X_full feature count: 1671
[2025-10-05 03:46:59,014][root][INFO] - Data loaded: X_full_np shape=(1917, 1671), Y_full_np shape=(1917, 424)
[2025-10-05 03:46:59,015][root][INFO] - Raw data shapes: X=(1917, 1671), Y=(1917, 424)
[2025-10-05 03:46:59,015][root][INFO] - Sample batch shapes: X=(64, 1671), Y=(64, 424)
[2025-10-05 03:46:59,443][root][INFO] - Trial 10 started with params: {'input_size': 1671, 'output_size': 424, 'output_len': 5, 'input_len': 128, 'label_len': 64, 'hidden_size': 512, 'num_layers': 3, 'd_layers': 3, 'nhead': 8, 'dim_feedforward': 2048, 'dropout': 0.0, 'batch_size': 32, 'attn': 'prob', 'distil': True, 'mix': True}, lr=6.790613159873276e-05, optimizer=Adam, lr_policy=onecycle
[2025-10-05 03:46:59,717][root][INFO] - Performed memory cleaning.
[2025-10-05 03:46:59,841][root][INFO] - Trial 11 started with params: {'input_size': 1671, 'output_size': 424, 'output_len': 5, 'input_len': 112, 'label_len': 32, 'hidden_size': 128, 'num_layers': 3, 'd_layers': 3, 'nhead': 4, 'dim_feedforward': 1024, 'dropout': 0.1, 'batch_size': 64, 'attn': 'prob', 'distil': True, 'mix': True}, lr=4.6457394418693424e-05, optimizer=Adam, lr_policy=clr
[2025-10-05 03:47:00,114][root][INFO] - GPU Memory: 1.06 GB used out of 8.00 GB
[2025-10-05 03:47:00,115][root][INFO] - Performed memory cleaning.
[2025-10-05 03:47:00,115][root][INFO] - GPU Memory: 1.06 GB used out of 8.00 GB
[2025-10-05 03:47:00,119][root][INFO] - Trial 10: X_raw shape=(1917, 1671), Y_raw shape=(1917, 424), NaNs X=0, Y=0
[2025-10-05 03:47:00,119][root][INFO] - Building Informer datasets with input_len=128, output_len=5, label_len=64, use_time_feats=True
[2025-10-05 03:47:00,119][root][INFO] - Trial 11: X_raw shape=(1917, 1671), Y_raw shape=(1917, 424), NaNs X=0, Y=0
[2025-10-05 03:47:00,119][root][INFO] - Building Informer datasets with input_len=112, output_len=5, label_len=32, use_time_feats=True
[2025-10-05 03:47:00,808][root][INFO] - WindowDataset created: Xw shape=(1801, 112, 1671), Yw shape=(1801, 5, 424), invalid_windows: 0
[2025-10-05 03:47:00,989][root][INFO] - WindowDataset created: Xw shape=(1785, 128, 1671), Yw shape=(1785, 5, 424), invalid_windows: 0
[2025-10-05 03:47:06,661][root][INFO] - InformerWindowDataset created: Xw shape=(1801, 112, 1671), x_dec shape=(1801, 37, 424), Yw shape=(1801, 5, 424), mark_enc shape=(1801, 112, 128), invalid_windows=0
[2025-10-05 03:47:06,661][root][INFO] - Informer dataset created: X_enc shape=(1801, 112, 1671), x_dec shape=(1801, 37, 424), Y shape=(1801, 5, 424), mark_enc shape=(1801, 112, 128)
[2025-10-05 03:47:07,090][root][INFO] - Informer DataLoaders created: train=1351, val=270, test=180
[2025-10-05 03:47:07,091][root][INFO] - Trial 11: Creating InTrainer with device=cuda
[2025-10-05 03:47:07,091][root][INFO] - InTrainer initialized with model_kwargs: {'input_size': 1671, 'enc_in': 1671, 'dec_in': 424, 'c_out': 424, 'seq_len': 112, 'label_len': 32, 'out_len': 5, 'd_model': 128, 'n_heads': 4, 'e_layers': 3, 'd_layers': 3, 'd_ff': 1024, 'dropout': 0.1, 'attn': 'prob', 'embed': 'fixed', 'freq': 'd', 'activation': 'gelu', 'distil': True, 'mix': True, 'device': device(type='cpu')}
[2025-10-05 03:47:07,132][root][INFO] - InformerWindowDataset created: Xw shape=(1785, 128, 1671), x_dec shape=(1785, 69, 424), Yw shape=(1785, 5, 424), mark_enc shape=(1785, 128, 512), invalid_windows=0
[2025-10-05 03:47:07,186][root][INFO] - Informer dataset created: X_enc shape=(1785, 128, 1671), x_dec shape=(1785, 69, 424), Y shape=(1785, 5, 424), mark_enc shape=(1785, 128, 512)
[2025-10-05 03:47:07,202][root][INFO] - Trainer initialized with device=cuda
[2025-10-05 03:47:07,590][root][ERROR] - Trial 11 failed: CUDA error: device-side assert triggered
Compile with `TORCH_USE_CUDA_DSA` to enable device-side assertions.

Traceback (most recent call last):
  File "/root/vscode/portfolio/mitsui_2025/src/study.py", line 202, in objective_informer
    val_loss = trainer.train(train_loader=train_loader, val_loader=val_loader)
               ^^^^^^^^^^^^^^^^^^^^^^^^^^^^^^^^^^^^^^^^^^^^^^^^^^^^^^^^^^^^^^^
  File "/root/vscode/portfolio/mitsui_2025/src/trainer.py", line 672, in train
    pred = self.model(x_enc, x_mark_enc=x_mark_enc, x_dec=x_dec, x_mark_dec=x_mark_dec)
           ^^^^^^^^^^^^^^^^^^^^^^^^^^^^^^^^^^^^^^^^^^^^^^^^^^^^^^^^^^^^^^^^^^^^^^^^^^^^
  File "/root/anaconda3/envs/mitsui/lib/python3.11/site-packages/torch/nn/modules/module.py", line 1736, in _wrapped_call_impl
    return self._call_impl(*args, **kwargs)
           ^^^^^^^^^^^^^^^^^^^^^^^^^^^^^^^^
  File "/root/anaconda3/envs/mitsui/lib/python3.11/site-packages/torch/nn/modules/module.py", line 1747, in _call_impl
    return forward_call(*args, **kwargs)
           ^^^^^^^^^^^^^^^^^^^^^^^^^^^^^
  File "/root/vscode/portfolio/mitsui_2025/src/models.py", line 1554, in forward
    enc_out, attns = self.encoder(enc_out, attn_mask=enc_self_mask)
                     ^^^^^^^^^^^^^^^^^^^^^^^^^^^^^^^^^^^^^^^^^^^^^^
  File "/root/anaconda3/envs/mitsui/lib/python3.11/site-packages/torch/nn/modules/module.py", line 1736, in _wrapped_call_impl
    return self._call_impl(*args, **kwargs)
           ^^^^^^^^^^^^^^^^^^^^^^^^^^^^^^^^
  File "/root/anaconda3/envs/mitsui/lib/python3.11/site-packages/torch/nn/modules/module.py", line 1747, in _call_impl
    return forward_call(*args, **kwargs)
           ^^^^^^^^^^^^^^^^^^^^^^^^^^^^^
  File "/root/vscode/portfolio/mitsui_2025/src/models.py", line 1372, in forward
    x, attn = attn_layer(x, attn_mask=attn_mask)
              ^^^^^^^^^^^^^^^^^^^^^^^^^^^^^^^^^^
  File "/root/anaconda3/envs/mitsui/lib/python3.11/site-packages/torch/nn/modules/module.py", line 1736, in _wrapped_call_impl
    return self._call_impl(*args, **kwargs)
           ^^^^^^^^^^^^^^^^^^^^^^^^^^^^^^^^
  File "/root/anaconda3/envs/mitsui/lib/python3.11/site-packages/torch/nn/modules/module.py", line 1747, in _call_impl
    return forward_call(*args, **kwargs)
           ^^^^^^^^^^^^^^^^^^^^^^^^^^^^^
  File "/root/vscode/portfolio/mitsui_2025/src/models.py", line 1354, in forward
    new_x, attn = self.attention(x, x, x, attn_mask=attn_mask)
                  ^^^^^^^^^^^^^^^^^^^^^^^^^^^^^^^^^^^^^^^^^^^^
  File "/root/anaconda3/envs/mitsui/lib/python3.11/site-packages/torch/nn/modules/module.py", line 1736, in _wrapped_call_impl
    return self._call_impl(*args, **kwargs)
           ^^^^^^^^^^^^^^^^^^^^^^^^^^^^^^^^
  File "/root/anaconda3/envs/mitsui/lib/python3.11/site-packages/torch/nn/modules/module.py", line 1747, in _call_impl
    return forward_call(*args, **kwargs)
           ^^^^^^^^^^^^^^^^^^^^^^^^^^^^^
  File "/root/vscode/portfolio/mitsui_2025/src/models.py", line 1335, in forward
    out, attn = self.inner_attention(queries, keys, values, attn_mask)
                ^^^^^^^^^^^^^^^^^^^^^^^^^^^^^^^^^^^^^^^^^^^^^^^^^^^^^^
  File "/root/anaconda3/envs/mitsui/lib/python3.11/site-packages/torch/nn/modules/module.py", line 1736, in _wrapped_call_impl
    return self._call_impl(*args, **kwargs)
           ^^^^^^^^^^^^^^^^^^^^^^^^^^^^^^^^
  File "/root/anaconda3/envs/mitsui/lib/python3.11/site-packages/torch/nn/modules/module.py", line 1747, in _call_impl
    return forward_call(*args, **kwargs)
           ^^^^^^^^^^^^^^^^^^^^^^^^^^^^^
  File "/root/vscode/portfolio/mitsui_2025/src/models.py", line 1308, in forward
    context, attn = self._update_context(context, values, scores_top, index, u, attn_mask)
                    ^^^^^^^^^^^^^^^^^^^^^^^^^^^^^^^^^^^^^^^^^^^^^^^^^^^^^^^^^^^^^^^^^^^^^^
  File "/root/vscode/portfolio/mitsui_2025/src/models.py", line 1285, in _update_context
    context_in[torch.arange(B)[:, None, None], torch.arange(H)[None, :, None], index, :] = torch.matmul(attn, V).type_as(context_in)
    ~~~~~~~~~~^^^^^^^^^^^^^^^^^^^^^^^^^^^^^^^^^^^^^^^^^^^^^^^^^^^^^^^^^^^^^^^^^^^^^^^^^^
RuntimeError: CUDA error: device-side assert triggered
Compile with `TORCH_USE_CUDA_DSA` to enable device-side assertions.


[2025-10-05 03:47:07,591][root][ERROR] - Error during cleanup: CUDA error: device-side assert triggered
Compile with `TORCH_USE_CUDA_DSA` to enable device-side assertions.

[2025-10-05 03:47:07,989][root][INFO] - Informer DataLoaders created: train=1340, val=267, test=178
[2025-10-05 03:47:07,989][root][INFO] - Trial 10: Creating InTrainer with device=cuda
[2025-10-05 03:47:07,989][root][INFO] - InTrainer initialized with model_kwargs: {'input_size': 1671, 'enc_in': 1671, 'dec_in': 424, 'c_out': 424, 'seq_len': 128, 'label_len': 64, 'out_len': 5, 'd_model': 512, 'n_heads': 8, 'e_layers': 3, 'd_layers': 3, 'd_ff': 2048, 'dropout': 0.0, 'attn': 'prob', 'embed': 'fixed', 'freq': 'd', 'activation': 'gelu', 'distil': True, 'mix': True, 'device': device(type='cpu')}
[2025-10-05 03:47:08,097][root][ERROR] - Trial 10 failed: CUDA error: device-side assert triggered
Compile with `TORCH_USE_CUDA_DSA` to enable device-side assertions.

Traceback (most recent call last):
  File "/root/vscode/portfolio/mitsui_2025/src/study.py", line 200, in objective_informer
    trainer = trainer_class(train_cfg)
              ^^^^^^^^^^^^^^^^^^^^^^^^
  File "/root/vscode/portfolio/mitsui_2025/src/trainer.py", line 637, in __init__
    super().__init__(cfg, model=model)
  File "/root/vscode/portfolio/mitsui_2025/src/trainer.py", line 36, in __init__
    self.model = model.to(self.device) if model is not None else None
                 ^^^^^^^^^^^^^^^^^^^^^
  File "/root/anaconda3/envs/mitsui/lib/python3.11/site-packages/torch/nn/modules/module.py", line 1340, in to
    return self._apply(convert)
           ^^^^^^^^^^^^^^^^^^^^
  File "/root/anaconda3/envs/mitsui/lib/python3.11/site-packages/torch/nn/modules/module.py", line 900, in _apply
    module._apply(fn)
  File "/root/anaconda3/envs/mitsui/lib/python3.11/site-packages/torch/nn/modules/module.py", line 900, in _apply
    module._apply(fn)
  File "/root/anaconda3/envs/mitsui/lib/python3.11/site-packages/torch/nn/modules/module.py", line 927, in _apply
    param_applied = fn(param)
                    ^^^^^^^^^
  File "/root/anaconda3/envs/mitsui/lib/python3.11/site-packages/torch/nn/modules/module.py", line 1326, in convert
    return t.to(
           ^^^^^
RuntimeError: CUDA error: device-side assert triggered
Compile with `TORCH_USE_CUDA_DSA` to enable device-side assertions.


[2025-10-05 03:47:08,098][root][ERROR] - Error during cleanup: CUDA error: device-side assert triggered
Compile with `TORCH_USE_CUDA_DSA` to enable device-side assertions.

[2025-10-05 03:47:08,405][root][WARNING] - No completed trials for INF. All trials were pruned or failed. Trials: 12
[2025-10-05 03:47:08,408][root][INFO] - Trial states: [3, 3, 3, 3, 3, 3, 3, 3, 3, 3, 3, 3]
