[2025-10-05 05:47:38,749][root][INFO] - Configuration: experiment:
  data_path: ../data
  checkpoint_dir: ../checkpoints
  models:
  - 'inf'
  row_fraction: 1.0
  num_targets: 424
  filter_features: false
  optuna:
    direction: minimize
    n_trials: 2
    n_jobs: 2
model:
  model_type: default
  model_class: default
  trainer_class: default
  params:
    input_size: 1672
    output_size: 424
    input_len: 64
    output_len: 5
    batch_size: 16
    hidden_size: 128
    num_layers: 2
    dropout: 0.1
    epochs: 10
    patience: 5
    channels: 64
    blocks: 3
    kernel_size: 5
    num_conv_layers: 2
    tcn_kernel: 3
    decom_kernel_size: 25
    top_k_modes: 5
    nhead: 8
    dim_feedforward: 512
    weight_decay: 0.001
    scheduler_patience: 5
    scheduler_factor: 0.5
    clip_grad_norm: 1.0
    partially_finite_target: false
  lr: 0.001
  optimizer: AdamW
  lr_policy: constant

[2025-10-05 05:47:38,751][root][INFO] - Set random seed to 42 for reproducibility.
[2025-10-05 05:47:38,751][root][INFO] - CUDA version: 12.1
[2025-10-05 05:47:38,787][root][INFO] - Device count: 1
[2025-10-05 05:47:38,790][root][INFO] - Device name: NVIDIA GeForce RTX 4060 Laptop GPU
[2025-10-05 05:47:38,886][root][INFO] - Loading train.csv from ../data/train.csv
[2025-10-05 05:47:38,966][root][INFO] - Loading train_labels.csv from ../data/train_labels.csv
[2025-10-05 05:47:39,085][root][INFO] - Loading target_pairs.csv from ../data/target_pairs.csv
[2025-10-05 05:47:39,239][root][INFO] - X_full NaNs after imputation: 0
[2025-10-05 05:47:39,239][root][INFO] - Y_full NaNs before imputation: 0
[2025-10-05 05:47:39,241][root][INFO] - Y_full NaNs after imputation: 0
[2025-10-05 05:47:39,241][root][INFO] - X_full feature count: 1671
[2025-10-05 05:47:39,248][root][INFO] - Data loaded: X_full_np shape=(1917, 1671), Y_full_np shape=(1917, 424)
[2025-10-05 05:47:39,249][root][INFO] - Raw data shapes: X=(1917, 1671), Y=(1917, 424)
[2025-10-05 05:47:39,249][root][INFO] - Sample batch shapes: X=(64, 1671), Y=(64, 424)
[2025-10-05 05:47:39,706][root][INFO] - Trial 10 started with params: {'input_size': 1671, 'output_size': 424, 'output_len': 5, 'input_len': 128, 'label_len': 48, 'hidden_size': 256, 'num_layers': 4, 'd_layers': 1, 'nhead': 4, 'dim_feedforward': 1536, 'dropout': 0.0, 'batch_size': 16, 'attn': 'prob', 'distil': True}, lr=0.0009550594367336992, optimizer=AdamW, lr_policy=constant
[2025-10-05 05:47:39,985][root][INFO] - Performed memory cleaning.
[2025-10-05 05:47:40,125][root][INFO] - Trial 11 started with params: {'input_size': 1671, 'output_size': 424, 'output_len': 5, 'input_len': 128, 'label_len': 48, 'hidden_size': 256, 'num_layers': 4, 'd_layers': 1, 'nhead': 4, 'dim_feedforward': 1536, 'dropout': 0.0, 'batch_size': 16, 'attn': 'prob', 'distil': True}, lr=0.0007846378922108804, optimizer=AdamW, lr_policy=constant
[2025-10-05 05:47:40,427][root][INFO] - GPU Memory: 1.06 GB used out of 8.00 GB
[2025-10-05 05:47:40,427][root][INFO] - Performed memory cleaning.
[2025-10-05 05:47:40,428][root][INFO] - GPU Memory: 1.06 GB used out of 8.00 GB
[2025-10-05 05:47:40,432][root][INFO] - Trial 10: X_raw shape=(1917, 1671), Y_raw shape=(1917, 424), NaNs X=0, Y=0
[2025-10-05 05:47:40,432][root][INFO] - Building Informer datasets with input_len=128, output_len=5, label_len=48, use_time_feats=True
[2025-10-05 05:47:40,433][root][INFO] - Trial 11: X_raw shape=(1917, 1671), Y_raw shape=(1917, 424), NaNs X=0, Y=0
[2025-10-05 05:47:40,433][root][INFO] - Building Informer datasets with input_len=128, output_len=5, label_len=48, use_time_feats=True
[2025-10-05 05:47:41,258][root][INFO] - WindowDataset created: Xw shape=(1785, 128, 1671), Yw shape=(1785, 5, 424), invalid_windows: 0
[2025-10-05 05:47:41,277][root][INFO] - WindowDataset created: Xw shape=(1785, 128, 1671), Yw shape=(1785, 5, 424), invalid_windows: 0
[2025-10-05 05:47:47,020][root][INFO] - InformerWindowDataset created: Xw shape=(1785, 128, 1671), x_dec shape=(1785, 53, 424), Yw shape=(1785, 5, 424), mark_enc shape=(1785, 128, 256), invalid_windows=0
[2025-10-05 05:47:47,031][root][INFO] - Informer dataset created: X_enc shape=(1785, 128, 1671), x_dec shape=(1785, 53, 424), Y shape=(1785, 5, 424), mark_enc shape=(1785, 128, 256)
[2025-10-05 05:47:47,035][root][INFO] - InformerWindowDataset created: Xw shape=(1785, 128, 1671), x_dec shape=(1785, 53, 424), Yw shape=(1785, 5, 424), mark_enc shape=(1785, 128, 256), invalid_windows=0
[2025-10-05 05:47:47,060][root][INFO] - Informer dataset created: X_enc shape=(1785, 128, 1671), x_dec shape=(1785, 53, 424), Y shape=(1785, 5, 424), mark_enc shape=(1785, 128, 256)
[2025-10-05 05:47:47,562][root][INFO] - Informer DataLoaders created: train=1340, val=267, test=178
[2025-10-05 05:47:47,562][root][INFO] - Trial 11: Creating InTrainer with device=cuda
[2025-10-05 05:47:47,562][root][INFO] - InTrainer initialized with model_kwargs: {'input_size': 1671, 'enc_in': 1671, 'dec_in': 424, 'c_out': 424, 'seq_len': 128, 'label_len': 48, 'out_len': 5, 'd_model': 256, 'n_heads': 4, 'e_layers': 4, 'd_layers': 1, 'd_ff': 1536, 'dropout': 0.0, 'attn': 'prob', 'embed': 'fixed', 'freq': 'd', 'activation': 'gelu', 'distil': True, 'device': 'cuda'}
[2025-10-05 05:47:47,632][root][INFO] - Informer DataLoaders created: train=1340, val=267, test=178
[2025-10-05 05:47:47,633][root][INFO] - Trial 10: Creating InTrainer with device=cuda
[2025-10-05 05:47:47,633][root][INFO] - InTrainer initialized with model_kwargs: {'input_size': 1671, 'enc_in': 1671, 'dec_in': 424, 'c_out': 424, 'seq_len': 128, 'label_len': 48, 'out_len': 5, 'd_model': 256, 'n_heads': 4, 'e_layers': 4, 'd_layers': 1, 'd_ff': 1536, 'dropout': 0.0, 'attn': 'prob', 'embed': 'fixed', 'freq': 'd', 'activation': 'gelu', 'distil': True, 'device': 'cuda'}
[2025-10-05 05:47:47,726][root][INFO] - Trainer initialized with device=cpu
[2025-10-05 05:47:47,786][root][INFO] - Trainer initialized with device=cpu
[2025-10-05 05:47:47,893][root][ERROR] - Trial 11 failed: torch.Size([400, 424]) vs torch.Size([80, 424])
Traceback (most recent call last):
  File "/root/vscode/portfolio/mitsui_2025/src/study.py", line 202, in objective_informer
    val_loss = trainer.train(train_loader=train_loader, val_loader=val_loader)
               ^^^^^^^^^^^^^^^^^^^^^^^^^^^^^^^^^^^^^^^^^^^^^^^^^^^^^^^^^^^^^^^
  File "/root/vscode/portfolio/mitsui_2025/src/trainer.py", line 680, in train
    assert pred.shape == y.shape, f"{pred.shape} vs {y.shape}"
           ^^^^^^^^^^^^^^^^^^^^^
AssertionError: torch.Size([400, 424]) vs torch.Size([80, 424])

[2025-10-05 05:47:48,190][root][INFO] - GPU Memory: 1.06 GB used out of 8.00 GB
[2025-10-05 05:47:48,471][root][INFO] - Performed memory cleaning.
[2025-10-05 05:47:48,497][root][ERROR] - Trial 10 failed: torch.Size([400, 424]) vs torch.Size([80, 424])
Traceback (most recent call last):
  File "/root/vscode/portfolio/mitsui_2025/src/study.py", line 202, in objective_informer
    val_loss = trainer.train(train_loader=train_loader, val_loader=val_loader)
               ^^^^^^^^^^^^^^^^^^^^^^^^^^^^^^^^^^^^^^^^^^^^^^^^^^^^^^^^^^^^^^^
  File "/root/vscode/portfolio/mitsui_2025/src/trainer.py", line 680, in train
    assert pred.shape == y.shape, f"{pred.shape} vs {y.shape}"
           ^^^^^^^^^^^^^^^^^^^^^
AssertionError: torch.Size([400, 424]) vs torch.Size([80, 424])

[2025-10-05 05:47:49,012][root][INFO] - GPU Memory: 1.06 GB used out of 8.00 GB
[2025-10-05 05:47:49,286][root][INFO] - Performed memory cleaning.
[2025-10-05 05:47:49,309][root][WARNING] - No completed trials for INF. All trials were pruned or failed. Trials: 12
[2025-10-05 05:47:49,312][root][INFO] - Trial states: [2, 2, 2, 2, 2, 2, 2, 2, 2, 2, 2, 2]
