[2025-10-05 05:25:00,250][root][INFO] - Configuration: experiment:
  data_path: ../data
  checkpoint_dir: ../checkpoints
  models:
  - 'inf'
  row_fraction: 1.0
  num_targets: 424
  filter_features: false
  optuna:
    direction: minimize
    n_trials: 2
    n_jobs: 2
model:
  model_type: default
  model_class: default
  trainer_class: default
  params:
    input_size: 1672
    output_size: 424
    input_len: 64
    output_len: 5
    batch_size: 16
    hidden_size: 128
    num_layers: 2
    dropout: 0.1
    epochs: 10
    patience: 5
    channels: 64
    blocks: 3
    kernel_size: 5
    num_conv_layers: 2
    tcn_kernel: 3
    decom_kernel_size: 25
    top_k_modes: 5
    nhead: 8
    dim_feedforward: 512
    weight_decay: 0.001
    scheduler_patience: 5
    scheduler_factor: 0.5
    clip_grad_norm: 1.0
    partially_finite_target: false
  lr: 0.001
  optimizer: AdamW
  lr_policy: constant

[2025-10-05 05:25:00,251][root][INFO] - Set random seed to 42 for reproducibility.
[2025-10-05 05:25:00,251][root][INFO] - CUDA version: 12.1
[2025-10-05 05:25:00,290][root][INFO] - Device count: 1
[2025-10-05 05:25:00,292][root][INFO] - Device name: NVIDIA GeForce RTX 4060 Laptop GPU
[2025-10-05 05:25:00,392][root][INFO] - Loading train.csv from ../data/train.csv
[2025-10-05 05:25:00,473][root][INFO] - Loading train_labels.csv from ../data/train_labels.csv
[2025-10-05 05:25:00,581][root][INFO] - Loading target_pairs.csv from ../data/target_pairs.csv
[2025-10-05 05:25:00,718][root][INFO] - X_full NaNs after imputation: 0
[2025-10-05 05:25:00,718][root][INFO] - Y_full NaNs before imputation: 0
[2025-10-05 05:25:00,719][root][INFO] - Y_full NaNs after imputation: 0
[2025-10-05 05:25:00,719][root][INFO] - X_full feature count: 1671
[2025-10-05 05:25:00,726][root][INFO] - Data loaded: X_full_np shape=(1917, 1671), Y_full_np shape=(1917, 424)
[2025-10-05 05:25:00,726][root][INFO] - Raw data shapes: X=(1917, 1671), Y=(1917, 424)
[2025-10-05 05:25:00,726][root][INFO] - Sample batch shapes: X=(64, 1671), Y=(64, 424)
[2025-10-05 05:25:01,309][root][INFO] - Trial 0 started with params: {'input_size': 1671, 'output_size': 424, 'output_len': 5, 'input_len': 96, 'label_len': 64, 'hidden_size': 128, 'num_layers': 4, 'd_layers': 1, 'nhead': 8, 'dim_feedforward': 2048, 'dropout': 0.05, 'batch_size': 16, 'attn': 'prob', 'distil': True}, lr=0.000910102967498893, optimizer=AdamW, lr_policy=constant
[2025-10-05 05:25:01,604][root][INFO] - Performed memory cleaning.
[2025-10-05 05:25:01,727][root][INFO] - Trial 1 started with params: {'input_size': 1671, 'output_size': 424, 'output_len': 5, 'input_len': 112, 'label_len': 48, 'hidden_size': 512, 'num_layers': 2, 'd_layers': 2, 'nhead': 4, 'dim_feedforward': 512, 'dropout': 0.15000000000000002, 'batch_size': 16, 'attn': 'prob', 'distil': True}, lr=1.67006005522294e-05, optimizer=Adam, lr_policy=constant
[2025-10-05 05:25:01,996][root][INFO] - GPU Memory: 1.06 GB used out of 8.00 GB
[2025-10-05 05:25:01,996][root][INFO] - Performed memory cleaning.
[2025-10-05 05:25:01,996][root][INFO] - GPU Memory: 1.06 GB used out of 8.00 GB
[2025-10-05 05:25:02,000][root][INFO] - Trial 0: X_raw shape=(1917, 1671), Y_raw shape=(1917, 424), NaNs X=0, Y=0
[2025-10-05 05:25:02,000][root][INFO] - Trial 1: X_raw shape=(1917, 1671), Y_raw shape=(1917, 424), NaNs X=0, Y=0
[2025-10-05 05:25:02,000][root][INFO] - Building Informer datasets with input_len=96, output_len=5, label_len=64, use_time_feats=True
[2025-10-05 05:25:02,000][root][INFO] - Building Informer datasets with input_len=112, output_len=5, label_len=48, use_time_feats=True
[2025-10-05 05:25:02,667][root][INFO] - WindowDataset created: Xw shape=(1817, 96, 1671), Yw shape=(1817, 5, 424), invalid_windows: 0
[2025-10-05 05:25:02,889][root][INFO] - WindowDataset created: Xw shape=(1801, 112, 1671), Yw shape=(1801, 5, 424), invalid_windows: 0
[2025-10-05 05:25:07,978][root][INFO] - InformerWindowDataset created: Xw shape=(1817, 96, 1671), x_dec shape=(1817, 69, 424), Yw shape=(1817, 5, 424), mark_enc shape=(1817, 96, 128), invalid_windows=0
[2025-10-05 05:25:07,978][root][INFO] - Informer dataset created: X_enc shape=(1817, 96, 1671), x_dec shape=(1817, 69, 424), Y shape=(1817, 5, 424), mark_enc shape=(1817, 96, 128)
[2025-10-05 05:25:08,231][root][INFO] - InformerWindowDataset created: Xw shape=(1801, 112, 1671), x_dec shape=(1801, 53, 424), Yw shape=(1801, 5, 424), mark_enc shape=(1801, 112, 512), invalid_windows=0
[2025-10-05 05:25:08,246][root][INFO] - Informer dataset created: X_enc shape=(1801, 112, 1671), x_dec shape=(1801, 53, 424), Y shape=(1801, 5, 424), mark_enc shape=(1801, 112, 512)
[2025-10-05 05:25:08,302][root][INFO] - Informer DataLoaders created: train=1364, val=272, test=181
[2025-10-05 05:25:08,302][root][INFO] - Trial 0: Creating InTrainer with device=cuda
[2025-10-05 05:25:08,302][root][INFO] - InTrainer initialized with model_kwargs: {'input_size': 1671, 'enc_in': 1671, 'dec_in': 424, 'c_out': 424, 'seq_len': 96, 'label_len': 64, 'out_len': 5, 'd_model': 128, 'n_heads': 8, 'e_layers': 4, 'd_layers': 1, 'd_ff': 2048, 'dropout': 0.05, 'attn': 'prob', 'embed': 'fixed', 'freq': 'd', 'activation': 'gelu', 'distil': True, 'mix': True, 'device': 'cuda'}
[2025-10-05 05:25:08,303][root][ERROR] - Trial 0 failed: InForecaster.__init__() got an unexpected keyword argument 'mix'
Traceback (most recent call last):
  File "/root/vscode/portfolio/mitsui_2025/src/study.py", line 200, in objective_informer
    trainer = trainer_class(train_cfg)
              ^^^^^^^^^^^^^^^^^^^^^^^^
  File "/root/vscode/portfolio/mitsui_2025/src/trainer.py", line 637, in __init__
    model = InForecaster(**model_kwargs)
            ^^^^^^^^^^^^^^^^^^^^^^^^^^^^
TypeError: InForecaster.__init__() got an unexpected keyword argument 'mix'

[2025-10-05 05:25:08,615][root][INFO] - GPU Memory: 1.06 GB used out of 8.00 GB
[2025-10-05 05:25:08,870][root][INFO] - Performed memory cleaning.
[2025-10-05 05:25:08,987][root][INFO] - Informer DataLoaders created: train=1351, val=270, test=180
[2025-10-05 05:25:08,987][root][INFO] - Trial 1: Creating InTrainer with device=cuda
[2025-10-05 05:25:08,987][root][INFO] - InTrainer initialized with model_kwargs: {'input_size': 1671, 'enc_in': 1671, 'dec_in': 424, 'c_out': 424, 'seq_len': 112, 'label_len': 48, 'out_len': 5, 'd_model': 512, 'n_heads': 4, 'e_layers': 2, 'd_layers': 2, 'd_ff': 512, 'dropout': 0.15000000000000002, 'attn': 'prob', 'embed': 'fixed', 'freq': 'd', 'activation': 'gelu', 'distil': True, 'mix': True, 'device': 'cuda'}
[2025-10-05 05:25:08,988][root][ERROR] - Trial 1 failed: InForecaster.__init__() got an unexpected keyword argument 'mix'
Traceback (most recent call last):
  File "/root/vscode/portfolio/mitsui_2025/src/study.py", line 200, in objective_informer
    trainer = trainer_class(train_cfg)
              ^^^^^^^^^^^^^^^^^^^^^^^^
  File "/root/vscode/portfolio/mitsui_2025/src/trainer.py", line 637, in __init__
    model = InForecaster(**model_kwargs)
            ^^^^^^^^^^^^^^^^^^^^^^^^^^^^
TypeError: InForecaster.__init__() got an unexpected keyword argument 'mix'

[2025-10-05 05:25:09,384][root][INFO] - GPU Memory: 1.06 GB used out of 8.00 GB
[2025-10-05 05:25:09,645][root][INFO] - Performed memory cleaning.
[2025-10-05 05:25:09,664][root][WARNING] - No completed trials for INF. All trials were pruned or failed. Trials: 2
[2025-10-05 05:25:09,665][root][INFO] - Trial states: [2, 2]
