[2025-10-05 05:27:46,179][root][INFO] - Configuration: experiment:
  data_path: ../data
  checkpoint_dir: ../checkpoints
  models:
  - 'inf'
  row_fraction: 1.0
  num_targets: 424
  filter_features: false
  optuna:
    direction: minimize
    n_trials: 2
    n_jobs: 2
model:
  model_type: default
  model_class: default
  trainer_class: default
  params:
    input_size: 1672
    output_size: 424
    input_len: 64
    output_len: 5
    batch_size: 16
    hidden_size: 128
    num_layers: 2
    dropout: 0.1
    epochs: 10
    patience: 5
    channels: 64
    blocks: 3
    kernel_size: 5
    num_conv_layers: 2
    tcn_kernel: 3
    decom_kernel_size: 25
    top_k_modes: 5
    nhead: 8
    dim_feedforward: 512
    weight_decay: 0.001
    scheduler_patience: 5
    scheduler_factor: 0.5
    clip_grad_norm: 1.0
    partially_finite_target: false
  lr: 0.001
  optimizer: AdamW
  lr_policy: constant

[2025-10-05 05:27:46,181][root][INFO] - Set random seed to 42 for reproducibility.
[2025-10-05 05:27:46,181][root][INFO] - CUDA version: 12.1
[2025-10-05 05:27:46,217][root][INFO] - Device count: 1
[2025-10-05 05:27:46,220][root][INFO] - Device name: NVIDIA GeForce RTX 4060 Laptop GPU
[2025-10-05 05:27:46,318][root][INFO] - Loading train.csv from ../data/train.csv
[2025-10-05 05:27:46,400][root][INFO] - Loading train_labels.csv from ../data/train_labels.csv
[2025-10-05 05:27:46,515][root][INFO] - Loading target_pairs.csv from ../data/target_pairs.csv
[2025-10-05 05:27:46,662][root][INFO] - X_full NaNs after imputation: 0
[2025-10-05 05:27:46,662][root][INFO] - Y_full NaNs before imputation: 0
[2025-10-05 05:27:46,664][root][INFO] - Y_full NaNs after imputation: 0
[2025-10-05 05:27:46,664][root][INFO] - X_full feature count: 1671
[2025-10-05 05:27:46,671][root][INFO] - Data loaded: X_full_np shape=(1917, 1671), Y_full_np shape=(1917, 424)
[2025-10-05 05:27:46,671][root][INFO] - Raw data shapes: X=(1917, 1671), Y=(1917, 424)
[2025-10-05 05:27:46,671][root][INFO] - Sample batch shapes: X=(64, 1671), Y=(64, 424)
[2025-10-05 05:27:47,195][root][INFO] - Trial 4 started with params: {'input_size': 1671, 'output_size': 424, 'output_len': 5, 'input_len': 80, 'label_len': 64, 'hidden_size': 128, 'num_layers': 4, 'd_layers': 2, 'nhead': 4, 'dim_feedforward': 1536, 'dropout': 0.3, 'batch_size': 32, 'attn': 'prob', 'distil': True}, lr=0.0001340698680046882, optimizer=Adam, lr_policy=clr
[2025-10-05 05:27:47,473][root][INFO] - Performed memory cleaning.
[2025-10-05 05:27:47,485][root][INFO] - Trial 5 started with params: {'input_size': 1671, 'output_size': 424, 'output_len': 5, 'input_len': 96, 'label_len': 16, 'hidden_size': 256, 'num_layers': 2, 'd_layers': 2, 'nhead': 8, 'dim_feedforward': 2048, 'dropout': 0.3, 'batch_size': 64, 'attn': 'prob', 'distil': True}, lr=5.7437211335954236e-05, optimizer=AdamW, lr_policy=constant
[2025-10-05 05:27:47,746][root][INFO] - GPU Memory: 1.06 GB used out of 8.00 GB
[2025-10-05 05:27:47,746][root][INFO] - Performed memory cleaning.
[2025-10-05 05:27:47,746][root][INFO] - GPU Memory: 1.06 GB used out of 8.00 GB
[2025-10-05 05:27:47,750][root][INFO] - Trial 5: X_raw shape=(1917, 1671), Y_raw shape=(1917, 424), NaNs X=0, Y=0
[2025-10-05 05:27:47,750][root][INFO] - Trial 4: X_raw shape=(1917, 1671), Y_raw shape=(1917, 424), NaNs X=0, Y=0
[2025-10-05 05:27:47,750][root][INFO] - Building Informer datasets with input_len=96, output_len=5, label_len=16, use_time_feats=True
[2025-10-05 05:27:47,750][root][INFO] - Building Informer datasets with input_len=80, output_len=5, label_len=64, use_time_feats=True
[2025-10-05 05:27:48,277][root][INFO] - WindowDataset created: Xw shape=(1833, 80, 1671), Yw shape=(1833, 5, 424), invalid_windows: 0
[2025-10-05 05:27:48,551][root][INFO] - WindowDataset created: Xw shape=(1817, 96, 1671), Yw shape=(1817, 5, 424), invalid_windows: 0
[2025-10-05 05:27:52,774][root][INFO] - InformerWindowDataset created: Xw shape=(1833, 80, 1671), x_dec shape=(1833, 69, 424), Yw shape=(1833, 5, 424), mark_enc shape=(1833, 80, 128), invalid_windows=0
[2025-10-05 05:27:52,781][root][INFO] - Informer dataset created: X_enc shape=(1833, 80, 1671), x_dec shape=(1833, 69, 424), Y shape=(1833, 5, 424), mark_enc shape=(1833, 80, 128)
[2025-10-05 05:27:52,864][root][INFO] - InformerWindowDataset created: Xw shape=(1817, 96, 1671), x_dec shape=(1817, 21, 424), Yw shape=(1817, 5, 424), mark_enc shape=(1817, 96, 256), invalid_windows=0
[2025-10-05 05:27:52,864][root][INFO] - Informer dataset created: X_enc shape=(1817, 96, 1671), x_dec shape=(1817, 21, 424), Y shape=(1817, 5, 424), mark_enc shape=(1817, 96, 256)
[2025-10-05 05:27:53,091][root][INFO] - Informer DataLoaders created: train=1376, val=274, test=183
[2025-10-05 05:27:53,092][root][INFO] - Trial 4: Creating InTrainer with device=cuda
[2025-10-05 05:27:53,092][root][INFO] - InTrainer initialized with model_kwargs: {'input_size': 1671, 'enc_in': 1671, 'dec_in': 424, 'c_out': 424, 'seq_len': 80, 'label_len': 64, 'out_len': 5, 'd_model': 128, 'n_heads': 4, 'e_layers': 4, 'd_layers': 2, 'd_ff': 1536, 'dropout': 0.3, 'attn': 'prob', 'embed': 'fixed', 'freq': 'd', 'activation': 'gelu', 'distil': True, 'device': 'cuda'}
[2025-10-05 05:27:53,165][root][INFO] - Informer DataLoaders created: train=1364, val=272, test=181
[2025-10-05 05:27:53,165][root][INFO] - Trial 5: Creating InTrainer with device=cuda
[2025-10-05 05:27:53,166][root][INFO] - InTrainer initialized with model_kwargs: {'input_size': 1671, 'enc_in': 1671, 'dec_in': 424, 'c_out': 424, 'seq_len': 96, 'label_len': 16, 'out_len': 5, 'd_model': 256, 'n_heads': 8, 'e_layers': 2, 'd_layers': 2, 'd_ff': 2048, 'dropout': 0.3, 'attn': 'prob', 'embed': 'fixed', 'freq': 'd', 'activation': 'gelu', 'distil': True, 'device': 'cuda'}
[2025-10-05 05:27:53,168][root][INFO] - Trainer initialized with device=cpu
[2025-10-05 05:27:53,248][root][INFO] - Trainer initialized with device=cpu
[2025-10-05 05:27:53,464][root][ERROR] - Trial 4 failed: 'DecoderLayer' object has no attribute 'norm1'
Traceback (most recent call last):
  File "/root/vscode/portfolio/mitsui_2025/src/study.py", line 202, in objective_informer
    val_loss = trainer.train(train_loader=train_loader, val_loader=val_loader)
               ^^^^^^^^^^^^^^^^^^^^^^^^^^^^^^^^^^^^^^^^^^^^^^^^^^^^^^^^^^^^^^^
  File "/root/vscode/portfolio/mitsui_2025/src/trainer.py", line 673, in train
    pred = self.model(x_enc, x_mark_enc=x_mark_enc, x_dec=x_dec, x_mark_dec=x_mark_dec)
           ^^^^^^^^^^^^^^^^^^^^^^^^^^^^^^^^^^^^^^^^^^^^^^^^^^^^^^^^^^^^^^^^^^^^^^^^^^^^
  File "/root/anaconda3/envs/mitsui/lib/python3.11/site-packages/torch/nn/modules/module.py", line 1736, in _wrapped_call_impl
    return self._call_impl(*args, **kwargs)
           ^^^^^^^^^^^^^^^^^^^^^^^^^^^^^^^^
  File "/root/anaconda3/envs/mitsui/lib/python3.11/site-packages/torch/nn/modules/module.py", line 1747, in _call_impl
    return forward_call(*args, **kwargs)
           ^^^^^^^^^^^^^^^^^^^^^^^^^^^^^
  File "/root/vscode/portfolio/mitsui_2025/src/models.py", line 1632, in forward
    dec_out = self.decoder(dec_out, enc_out, x_mask=dec_self_mask, cross_mask=dec_enc_mask)
              ^^^^^^^^^^^^^^^^^^^^^^^^^^^^^^^^^^^^^^^^^^^^^^^^^^^^^^^^^^^^^^^^^^^^^^^^^^^^^
  File "/root/anaconda3/envs/mitsui/lib/python3.11/site-packages/torch/nn/modules/module.py", line 1736, in _wrapped_call_impl
    return self._call_impl(*args, **kwargs)
           ^^^^^^^^^^^^^^^^^^^^^^^^^^^^^^^^
  File "/root/anaconda3/envs/mitsui/lib/python3.11/site-packages/torch/nn/modules/module.py", line 1747, in _call_impl
    return forward_call(*args, **kwargs)
           ^^^^^^^^^^^^^^^^^^^^^^^^^^^^^
  File "/root/vscode/portfolio/mitsui_2025/src/models.py", line 1479, in forward
    x = layer(x, cross, x_mask=x_mask, cross_mask=cross_mask)
        ^^^^^^^^^^^^^^^^^^^^^^^^^^^^^^^^^^^^^^^^^^^^^^^^^^^^^
  File "/root/anaconda3/envs/mitsui/lib/python3.11/site-packages/torch/nn/modules/module.py", line 1736, in _wrapped_call_impl
    return self._call_impl(*args, **kwargs)
           ^^^^^^^^^^^^^^^^^^^^^^^^^^^^^^^^
  File "/root/anaconda3/envs/mitsui/lib/python3.11/site-packages/torch/nn/modules/module.py", line 1747, in _call_impl
    return forward_call(*args, **kwargs)
           ^^^^^^^^^^^^^^^^^^^^^^^^^^^^^
  File "/root/vscode/portfolio/mitsui_2025/src/models.py", line 1464, in forward
    x = self.norm1(x)
        ^^^^^^^^^^
  File "/root/anaconda3/envs/mitsui/lib/python3.11/site-packages/torch/nn/modules/module.py", line 1931, in __getattr__
    raise AttributeError(
AttributeError: 'DecoderLayer' object has no attribute 'norm1'

[2025-10-05 05:27:53,772][root][INFO] - GPU Memory: 1.06 GB used out of 8.00 GB
[2025-10-05 05:27:54,043][root][INFO] - Performed memory cleaning.
[2025-10-05 05:27:54,222][root][ERROR] - Trial 5 failed: 'DecoderLayer' object has no attribute 'norm1'
Traceback (most recent call last):
  File "/root/vscode/portfolio/mitsui_2025/src/study.py", line 202, in objective_informer
    val_loss = trainer.train(train_loader=train_loader, val_loader=val_loader)
               ^^^^^^^^^^^^^^^^^^^^^^^^^^^^^^^^^^^^^^^^^^^^^^^^^^^^^^^^^^^^^^^
  File "/root/vscode/portfolio/mitsui_2025/src/trainer.py", line 673, in train
    pred = self.model(x_enc, x_mark_enc=x_mark_enc, x_dec=x_dec, x_mark_dec=x_mark_dec)
           ^^^^^^^^^^^^^^^^^^^^^^^^^^^^^^^^^^^^^^^^^^^^^^^^^^^^^^^^^^^^^^^^^^^^^^^^^^^^
  File "/root/anaconda3/envs/mitsui/lib/python3.11/site-packages/torch/nn/modules/module.py", line 1736, in _wrapped_call_impl
    return self._call_impl(*args, **kwargs)
           ^^^^^^^^^^^^^^^^^^^^^^^^^^^^^^^^
  File "/root/anaconda3/envs/mitsui/lib/python3.11/site-packages/torch/nn/modules/module.py", line 1747, in _call_impl
    return forward_call(*args, **kwargs)
           ^^^^^^^^^^^^^^^^^^^^^^^^^^^^^
  File "/root/vscode/portfolio/mitsui_2025/src/models.py", line 1632, in forward
    dec_out = self.decoder(dec_out, enc_out, x_mask=dec_self_mask, cross_mask=dec_enc_mask)
              ^^^^^^^^^^^^^^^^^^^^^^^^^^^^^^^^^^^^^^^^^^^^^^^^^^^^^^^^^^^^^^^^^^^^^^^^^^^^^
  File "/root/anaconda3/envs/mitsui/lib/python3.11/site-packages/torch/nn/modules/module.py", line 1736, in _wrapped_call_impl
    return self._call_impl(*args, **kwargs)
           ^^^^^^^^^^^^^^^^^^^^^^^^^^^^^^^^
  File "/root/anaconda3/envs/mitsui/lib/python3.11/site-packages/torch/nn/modules/module.py", line 1747, in _call_impl
    return forward_call(*args, **kwargs)
           ^^^^^^^^^^^^^^^^^^^^^^^^^^^^^
  File "/root/vscode/portfolio/mitsui_2025/src/models.py", line 1479, in forward
    x = layer(x, cross, x_mask=x_mask, cross_mask=cross_mask)
        ^^^^^^^^^^^^^^^^^^^^^^^^^^^^^^^^^^^^^^^^^^^^^^^^^^^^^
  File "/root/anaconda3/envs/mitsui/lib/python3.11/site-packages/torch/nn/modules/module.py", line 1736, in _wrapped_call_impl
    return self._call_impl(*args, **kwargs)
           ^^^^^^^^^^^^^^^^^^^^^^^^^^^^^^^^
  File "/root/anaconda3/envs/mitsui/lib/python3.11/site-packages/torch/nn/modules/module.py", line 1747, in _call_impl
    return forward_call(*args, **kwargs)
           ^^^^^^^^^^^^^^^^^^^^^^^^^^^^^
  File "/root/vscode/portfolio/mitsui_2025/src/models.py", line 1464, in forward
    x = self.norm1(x)
        ^^^^^^^^^^
  File "/root/anaconda3/envs/mitsui/lib/python3.11/site-packages/torch/nn/modules/module.py", line 1931, in __getattr__
    raise AttributeError(
AttributeError: 'DecoderLayer' object has no attribute 'norm1'

[2025-10-05 05:27:54,644][root][INFO] - GPU Memory: 1.06 GB used out of 8.00 GB
[2025-10-05 05:27:54,913][root][INFO] - Performed memory cleaning.
[2025-10-05 05:27:54,933][root][WARNING] - No completed trials for INF. All trials were pruned or failed. Trials: 6
[2025-10-05 05:27:54,935][root][INFO] - Trial states: [2, 2, 2, 2, 2, 2]
